<?xml version="1.0" encoding="UTF-8"?>
<!-- Generated by org.testng.reporters.JUnitXMLReporter -->
<testsuite hostname="sangeeth-s" ignored="3" name="Test" tests="1" failures="0" timestamp="2022-06-23T20:37:00 IST" time="0.167" errors="0">
  <testcase name="mobileLogin" time="0.026" classname="testngpackage.HealthInsurance"/>
  <testcase name="mobileLogout" time="0.0" classname="testngpackage.HealthInsurance">
    <ignored/>
  </testcase> <!-- mobileLogout -->
  <testcase name="webLogout" time="0.0" classname="testngpackage.HealthInsurance">
    <ignored/>
  </testcase> <!-- webLogout -->
  <testcase name="webLogin" time="0.0" classname="testngpackage.HealthInsurance">
    <ignored/>
  </testcase> <!-- webLogin -->
</testsuite> <!-- Test -->
