<?xml version="1.0" encoding="UTF-8"?>
<testng-results skipped="0" failed="0" ignored="0" total="1" passed="1">
  <reporter-output>
  </reporter-output>
  <suite name="Suite" duration-ms="119" started-at="2022-06-27T11:52:48 IST" finished-at="2022-06-27T11:52:48 IST">
    <groups>
    </groups>
    <test name="Test" duration-ms="119" started-at="2022-06-27T11:52:48 IST" finished-at="2022-06-27T11:52:48 IST">
      <class name="testngpackage.DataProviderParameter">
        <test-method status="PASS" signature="pgm(java.lang.String,java.lang.String)[pri:0, instance:testngpackage.DataProviderParameter@4fb64261]" name="pgm" duration-ms="24" started-at="2022-06-27T11:52:48 IST" finished-at="2022-06-27T11:52:48 IST">
          <params>
            <param index="0">
              <value>
                <![CDATA[Selenium]]>
              </value>
            </param>
            <param index="1">
              <value>
                <![CDATA[Selenium123]]>
              </value>
            </param>
          </params>
          <reporter-output>
          </reporter-output>
        </test-method> <!-- pgm -->
      </class> <!-- testngpackage.DataProviderParameter -->
    </test> <!-- Test -->
  </suite> <!-- Suite -->
</testng-results>
